<?xml version="1.0" encoding="UTF-8"?>
<coverage generated="1632283507442" clover="3.2.0">
  <project timestamp="1632283507443" name="All files">
    <metrics statements="4" coveredstatements="2" conditionals="4" coveredconditionals="1" methods="1" coveredmethods="1" elements="9" coveredelements="4" complexity="0" loc="4" ncloc="4" packages="1" files="1" classes="1">
      <file name="lib.js" path="D:\node-prac\testing-demo\lib.js">
        <metrics statements="4" coveredstatements="2" conditionals="4" coveredconditionals="1" methods="1" coveredmethods="1"/>
        <line num="5" count="1" type="stmt"/>
        <line num="6" count="1" type="cond" truecount="1" falsecount="1"/>
        <line num="7" count="0" type="cond" truecount="0" falsecount="2"/>
        <line num="8" count="0" type="stmt"/>
      </file>
    </metrics>
  </project>
</coverage>
