{"D:\\node-prac\\testing-demo\\lib.js": {"path":"D:\\node-prac\\testing-demo\\lib.js","statementMap":{"0":{"start":{"line":5,"column":0},"end":{"line":9,"column":2}},"1":{"start":{"line":6,"column":2},"end":{"line":6,"column":32}},"2":{"start":{"line":6,"column":18},"end":{"line":6,"column":32}},"3":{"start":{"line":7,"column":2},"end":{"line":7,"column":33}},"4":{"start":{"line":7,"column":18},"end":{"line":7,"column":33}},"5":{"start":{"line":8,"column":2},"end":{"line":8,"column":11}}},"fnMap":{"0":{"name":"(anonymous_0)","decl":{"start":{"line":5,"column":26},"end":{"line":5,"column":27}},"loc":{"start":{"line":5,"column":44},"end":{"line":9,"column":1}},"line":5}},"branchMap":{"0":{"loc":{"start":{"line":6,"column":2},"end":{"line":6,"column":32}},"type":"if","locations":[{"start":{"line":6,"column":2},"end":{"line":6,"column":32}},{"start":{"line":6,"column":2},"end":{"line":6,"column":32}}],"line":6},"1":{"loc":{"start":{"line":7,"column":2},"end":{"line":7,"column":33}},"type":"if","locations":[{"start":{"line":7,"column":2},"end":{"line":7,"column":33}},{"start":{"line":7,"column":2},"end":{"line":7,"column":33}}],"line":7}},"s":{"0":1,"1":1,"2":1,"3":0,"4":0,"5":0},"f":{"0":1},"b":{"0":[1,0],"1":[0,0]},"_coverageSchema":"332fd63041d2c1bcb487cc26dd0d5f7d97098a6c","hash":"a0388150d0649ea6e16f1ec0ac1de93b83498d0d"}
}
